app/build/intermediates/manifest_merge_blame_file/debug/manifest-merger-blame-debug-report.txt
1<?xml version="1.0" encoding="utf-8"?>
2<manifest xmlns:android="http://schemas.android.com/apk/res/android"
3    package="com.dotranbaolam.ailatrieuphu"
4    android:versionCode="1"
5    android:versionName="1.0" >
6
7    <uses-sdk
8        android:minSdkVersion="24"
8-->src\main\AndroidManifest.xml
9        android:targetSdkVersion="29" />
9-->src\main\AndroidManifest.xml
10
11    <uses-permission android:name="android.permission.ACCESS_NETWORK_STATE" />
11-->src\main\AndroidManifest.xml:5:5-79
11-->src\main\AndroidManifest.xml:5:22-76
12    <uses-permission android:name="android.permission.INTERNET" />
12-->src\main\AndroidManifest.xml:6:5-67
12-->src\main\AndroidManifest.xml:6:22-64
13
14    <application
14-->src\main\AndroidManifest.xml:8:5-33:19
15        android:allowBackup="true"
15-->src\main\AndroidManifest.xml:9:9-35
16        android:appComponentFactory="androidx.core.app.CoreComponentFactory"
16-->[androidx.core:core:1.0.1] AndroidManifest.xml:22:18-86
17        android:debuggable="true"
18        android:icon="@mipmap/ic_launcher"
18-->src\main\AndroidManifest.xml:10:9-43
19        android:label="@string/app_name"
19-->src\main\AndroidManifest.xml:11:9-41
20        android:networkSecurityConfig="@xml/network_security_config"
20-->src\main\AndroidManifest.xml:12:9-69
21        android:roundIcon="@mipmap/ic_launcher_round"
21-->src\main\AndroidManifest.xml:13:9-54
22        android:supportsRtl="true"
22-->src\main\AndroidManifest.xml:14:9-35
23        android:testOnly="true"
24        android:theme="@style/AppTheme" >
24-->src\main\AndroidManifest.xml:15:9-40
25        <activity android:name="com.dotranbaolam.ailatrieuphu.DangKy" />
25-->src\main\AndroidManifest.xml:16:9-53
25-->src\main\AndroidManifest.xml:16:19-41
26        <activity android:name="com.dotranbaolam.ailatrieuphu.MuaCredit" />
26-->src\main\AndroidManifest.xml:17:9-47
26-->src\main\AndroidManifest.xml:17:19-44
27        <activity android:name="com.dotranbaolam.ailatrieuphu.LuatChoi" />
27-->src\main\AndroidManifest.xml:18:9-46
27-->src\main\AndroidManifest.xml:18:19-43
28        <activity android:name="com.dotranbaolam.ailatrieuphu.BieuDoTroGiupKhanGia" />
28-->src\main\AndroidManifest.xml:19:9-58
28-->src\main\AndroidManifest.xml:19:19-55
29        <activity android:name="com.dotranbaolam.ailatrieuphu.CauHoi" />
29-->src\main\AndroidManifest.xml:20:9-44
29-->src\main\AndroidManifest.xml:20:19-41
30        <activity android:name="com.dotranbaolam.ailatrieuphu.LinhVuc" />
30-->src\main\AndroidManifest.xml:21:9-45
30-->src\main\AndroidManifest.xml:21:19-42
31        <activity android:name="com.dotranbaolam.ailatrieuphu.ChonLinhVuc" />
31-->src\main\AndroidManifest.xml:22:9-49
31-->src\main\AndroidManifest.xml:22:19-46
32        <activity android:name="com.dotranbaolam.ailatrieuphu.ManHinhChinh" />
32-->src\main\AndroidManifest.xml:23:9-50
32-->src\main\AndroidManifest.xml:23:19-47
33        <activity android:name="com.dotranbaolam.ailatrieuphu.DangKyTaiKhoan" />
33-->src\main\AndroidManifest.xml:24:9-52
33-->src\main\AndroidManifest.xml:24:19-49
34        <activity android:name="com.dotranbaolam.ailatrieuphu.QuenMatKhau" />
34-->src\main\AndroidManifest.xml:25:9-49
34-->src\main\AndroidManifest.xml:25:19-46
35        <activity android:name="com.dotranbaolam.ailatrieuphu.MainActivity" >
35-->src\main\AndroidManifest.xml:26:9-32:20
35-->src\main\AndroidManifest.xml:26:19-47
36            <intent-filter>
36-->src\main\AndroidManifest.xml:27:13-31:29
37                <action android:name="android.intent.action.MAIN" />
37-->src\main\AndroidManifest.xml:28:17-69
37-->src\main\AndroidManifest.xml:28:25-66
38
39                <category android:name="android.intent.category.LAUNCHER" />
39-->src\main\AndroidManifest.xml:30:17-77
39-->src\main\AndroidManifest.xml:30:27-74
40            </intent-filter>
41        </activity>
42    </application>
43
44</manifest>